<?xml version="1.0" encoding="UTF-8"?>
<!-- Generated by org.testng.reporters.JUnitReportReporter -->
<testsuite skipped="0" hostname="C100-17" name="com.grid.B" tests="1" failures="0" timestamp="19 Nov 2018 05:00:29 GMT" time="11.999" errors="0">
  <testcase name="aa" time="11.999" classname="com.grid.B"/>
</testsuite> <!-- com.grid.B -->
