<?xml version="1.0" encoding="UTF-8"?>
<!-- Generated by org.testng.reporters.JUnitReportReporter -->
<testsuite skipped="0" hostname="C100-17" name="com.grid.IcongtoMOde" tests="2" failures="0" timestamp="28 Nov 2018 09:28:45 GMT" time="24.987" errors="0">
  <testcase name="testMode" time="11.018" classname="com.grid.IcongtoMOde"/>
  <testcase name="testMode" time="13.969" classname="com.grid.IcongtoMOde"/>
</testsuite> <!-- com.grid.IcongtoMOde -->
