<?xml version="1.0" encoding="UTF-8"?>
<!-- Generated by org.testng.reporters.JUnitReportReporter -->
<testsuite skipped="0" hostname="C100-17" name="com.grid.AA" tests="1" failures="0" timestamp="23 Nov 2018 04:45:46 GMT" time="10.301" errors="0">
  <testcase name="a" time="10.301" classname="com.grid.AA"/>
</testsuite> <!-- com.grid.AA -->
