<?xml version="1.0" encoding="UTF-8"?>
<!-- Generated by org.testng.reporters.JUnitReportReporter -->
<testsuite skipped="0" hostname="C100-17" name="com.grid.A" tests="1" failures="0" timestamp="19 Nov 2018 10:25:56 GMT" time="13.070" errors="0">
  <testcase name="aa" time="13.070" classname="com.grid.A"/>
</testsuite> <!-- com.grid.A -->
