<?xml version="1.0" encoding="UTF-8"?>
<!-- Generated by org.testng.reporters.JUnitReportReporter -->
<testsuite skipped="0" hostname="C100-17" name="com.grid.Sikuli" tests="2" failures="0" timestamp="12 Dec 2018 07:21:22 GMT" time="13.269" errors="0">
  <testcase name="testing" time="13.257" classname="com.grid.Sikuli"/>
  <testcase name="aa" time="0.012" classname="com.grid.Sikuli"/>
</testsuite> <!-- com.grid.Sikuli -->
