<?xml version="1.0" encoding="UTF-8"?>
<!-- Generated by org.testng.reporters.JUnitReportReporter -->
<testsuite skipped="0" hostname="C100-17" name="com.grid.ZoominZooomOut" tests="1" failures="0" timestamp="23 Nov 2018 09:30:30 GMT" time="28.969" errors="0">
  <testcase name="test" time="28.969" classname="com.grid.ZoominZooomOut"/>
</testsuite> <!-- com.grid.ZoominZooomOut -->
