<?xml version="1.0" encoding="UTF-8"?>
<!-- Generated by org.testng.reporters.JUnitReportReporter -->
<testsuite skipped="0" hostname="C100-17" name="com.grid.Select" tests="1" failures="0" timestamp="26 Nov 2018 05:27:42 GMT" time="4.473" errors="0">
  <testcase name="selectTest" time="4.473" classname="com.grid.Select"/>
</testsuite> <!-- com.grid.Select -->
