<?xml version="1.0" encoding="UTF-8"?>
<!-- Generated by org.testng.reporters.JUnitReportReporter -->
<testsuite skipped="0" hostname="C100-17" name="com.grid.Link" tests="1" failures="0" timestamp="24 Nov 2018 07:20:43 GMT" time="15.409" errors="0">
  <testcase name="verifyLinkBreak" time="15.409" classname="com.grid.Link"/>
</testsuite> <!-- com.grid.Link -->
