<?xml version="1.0" encoding="UTF-8"?>
<!-- Generated by org.testng.reporters.JUnitReportReporter -->
<testsuite skipped="0" hostname="C100-17" name="com.grid.Length" tests="1" failures="0" timestamp="17 Nov 2018 04:49:49 GMT" time="5.524" errors="0">
  <testcase name="verifyLength" time="5.524" classname="com.grid.Length"/>
</testsuite> <!-- com.grid.Length -->
