<?xml version="1.0" encoding="UTF-8"?>
<!-- Generated by org.testng.reporters.JUnitReportReporter -->
<testsuite skipped="0" hostname="C100-17" name="com.grid.c" tests="1" failures="0" timestamp="17 Dec 2018 12:41:16 GMT" time="8.405" errors="0">
  <testcase name="aa" time="8.405" classname="com.grid.c"/>
</testsuite> <!-- com.grid.c -->
