<?xml version="1.0" encoding="UTF-8"?>
<!-- Generated by org.testng.reporters.JUnitReportReporter -->
<testsuite skipped="0" hostname="C100-17" name="com.test.LoginTest" tests="7" failures="0" timestamp="24 Dec 2018 04:47:59 GMT" time="33.537" errors="0">
  <testcase name="testlogin" time="11.060" classname="com.test.LoginTest"/>
  <testcase name="loginDdt" time="2.034" classname="com.test.LoginTest"/>
  <testcase name="loginDdt" time="5.382" classname="com.test.LoginTest"/>
  <testcase name="loginDdt" time="3.642" classname="com.test.LoginTest"/>
  <testcase name="loginDdt" time="6.389" classname="com.test.LoginTest"/>
  <testcase name="loginDdt" time="2.428" classname="com.test.LoginTest"/>
  <testcase name="loginDdt" time="2.602" classname="com.test.LoginTest"/>
</testsuite> <!-- com.test.LoginTest -->
