<?xml version="1.0" encoding="UTF-8"?>
<!-- Generated by org.testng.reporters.JUnitReportReporter -->
<testsuite skipped="0" hostname="C100-17" name="com.test.HomeTest" tests="1" failures="0" timestamp="21 Dec 2018 10:00:22 GMT" time="1.825" errors="0">
  <testcase name="testSearchEle" time="1.825" classname="com.test.HomeTest"/>
</testsuite> <!-- com.test.HomeTest -->
