<?xml version="1.0" encoding="UTF-8"?>
<!-- Generated by org.testng.reporters.JUnitReportReporter -->
<testsuite skipped="0" hostname="C100-17" name="com.practice.testcases.ContactTest" tests="5" failures="0" timestamp="13 Dec 2018 04:50:07 GMT" time="7.948" errors="0">
  <testcase name="verifyConatctPageTitle" time="0.974" classname="com.practice.testcases.ContactTest"/>
  <testcase name="removeName" time="1.663" classname="com.practice.testcases.ContactTest"/>
  <testcase name="removeEmail" time="1.644" classname="com.practice.testcases.ContactTest"/>
  <testcase name="removeMobile" time="1.693" classname="com.practice.testcases.ContactTest"/>
  <testcase name="removeMsg" time="1.974" classname="com.practice.testcases.ContactTest"/>
</testsuite> <!-- com.practice.testcases.ContactTest -->
