<?xml version="1.0" encoding="UTF-8"?>
<!-- Generated by org.testng.reporters.JUnitReportReporter -->
<testsuite skipped="0" hostname="C100-17" name="com.practice.testcases.LoginDataDrivenTest" tests="6" failures="0" timestamp="13 Dec 2018 04:50:07 GMT" time="23.028" errors="0">
  <testcase name="login" time="0.104" classname="com.practice.testcases.LoginDataDrivenTest"/>
  <testcase name="logindata_driver" time="3.335" classname="com.practice.testcases.LoginDataDrivenTest"/>
  <testcase name="logindata_driver" time="3.436" classname="com.practice.testcases.LoginDataDrivenTest"/>
  <testcase name="logindata_driver" time="3.394" classname="com.practice.testcases.LoginDataDrivenTest"/>
  <testcase name="logindata_driver" time="6.606" classname="com.practice.testcases.LoginDataDrivenTest"/>
  <testcase name="logindata_driver" time="6.153" classname="com.practice.testcases.LoginDataDrivenTest"/>
</testsuite> <!-- com.practice.testcases.LoginDataDrivenTest -->
