<?xml version="1.0" encoding="UTF-8"?>
<!-- Generated by org.testng.reporters.JUnitReportReporter -->
<testsuite skipped="0" hostname="C100-17" name="com.practice.testcases.LoginTest" tests="1" failures="0" timestamp="13 Dec 2018 04:50:07 GMT" time="5.909" errors="0">
  <testcase name="verifu_Login" time="5.909" classname="com.practice.testcases.LoginTest"/>
</testsuite> <!-- com.practice.testcases.LoginTest -->
