<?xml version="1.0" encoding="UTF-8"?>
<!-- Generated by org.testng.reporters.JUnitReportReporter -->
<testsuite skipped="0" hostname="C100-17" name="com.LLLLLL" tests="1" failures="0" timestamp="06 Dec 2018 10:23:44 GMT" time="8.402" errors="0">
  <testcase name="ttest" time="8.402" classname="com.LLLLLL"/>
</testsuite> <!-- com.LLLLLL -->
