<?xml version="1.0" encoding="UTF-8"?>
<!-- Generated by org.testng.reporters.JUnitReportReporter -->
<testsuite skipped="0" hostname="C100-17" name="com.Synchronization" tests="1" failures="0" timestamp="05 Dec 2018 07:19:22 GMT" time="18.262" errors="0">
  <testcase name="testSyn" time="18.262" classname="com.Synchronization"/>
</testsuite> <!-- com.Synchronization -->
