<?xml version="1.0" encoding="UTF-8"?>
<!-- Generated by org.testng.reporters.JUnitReportReporter -->
<testsuite skipped="0" hostname="C100-17" name="com.Select" tests="1" failures="0" timestamp="04 Dec 2018 06:57:46 GMT" time="16.099" errors="0">
  <testcase name="testSelect" time="16.099" classname="com.Select"/>
</testsuite> <!-- com.Select -->
