<?xml version="1.0" encoding="UTF-8"?>
<!-- Generated by org.testng.reporters.JUnitReportReporter -->
<testsuite skipped="0" hostname="C100-17" name="com.A" tests="1" failures="0" timestamp="10 Dec 2018 10:05:44 GMT" time="7.335" errors="0">
  <testcase name="aaaa" time="7.335" classname="com.A"/>
</testsuite> <!-- com.A -->
