<?xml version="1.0" encoding="UTF-8"?>
<!-- Generated by org.testng.reporters.JUnitReportReporter -->
<testsuite skipped="0" hostname="C100-17" name="com.ToolTip" tests="1" failures="0" timestamp="11 Dec 2018 10:31:52 GMT" time="9.650" errors="0">
  <testcase name="tool" time="9.650" classname="com.ToolTip"/>
</testsuite> <!-- com.ToolTip -->
