<?xml version="1.0" encoding="UTF-8"?>
<!-- Generated by org.testng.reporters.JUnitReportReporter -->
<testsuite skipped="0" hostname="C100-17" name="com.AA" tests="1" failures="0" timestamp="12 Dec 2018 07:23:36 GMT" time="40.679" errors="0">
  <testcase name="testing" time="40.679" classname="com.AA"/>
</testsuite> <!-- com.AA -->
