<?xml version="1.0" encoding="UTF-8"?>
<!-- Generated by org.testng.reporters.JUnitReportReporter -->
<testsuite skipped="0" hostname="C100-17" name="com.WindowHandle" tests="1" failures="0" timestamp="11 Dec 2018 04:32:21 GMT" time="83.220" errors="0">
  <testcase name="windowHandle" time="83.220" classname="com.WindowHandle"/>
</testsuite> <!-- com.WindowHandle -->
