<?xml version="1.0" encoding="UTF-8"?>
<!-- Generated by org.testng.reporters.JUnitReportReporter -->
<testsuite skipped="0" hostname="C100-17" name="com.ReadExcelData" tests="1" failures="0" timestamp="06 Dec 2018 12:17:02 GMT" time="0.274" errors="0">
  <testcase name="getExceldata" time="0.274" classname="com.ReadExcelData"/>
</testsuite> <!-- com.ReadExcelData -->
