<?xml version="1.0" encoding="UTF-8"?>
<!-- Generated by org.testng.reporters.JUnitReportReporter -->
<testsuite skipped="0" hostname="C100-17" name="com.CheckBox" tests="4" failures="0" timestamp="12 Dec 2018 11:32:53 GMT" time="23.341" errors="0">
  <testcase name="testCheckbox" time="22.154" classname="com.CheckBox"/>
  <testcase name="radioButtonTest" time="0.491" classname="com.CheckBox"/>
  <testcase name="checkBox" time="0.140" classname="com.CheckBox"/>
  <testcase name="selectTest" time="0.556" classname="com.CheckBox"/>
</testsuite> <!-- com.CheckBox -->
