<?xml version="1.0" encoding="UTF-8"?>
<!-- Generated by org.testng.reporters.JUnitReportReporter -->
<testsuite skipped="0" hostname="C100-17" name="com.Window" tests="2" failures="0" timestamp="10 Dec 2018 04:59:31 GMT" time="24.291" errors="0">
  <testcase name="testing" time="9.653" classname="com.Window"/>
  <testcase name="handdlewindow" time="14.638" classname="com.Window"/>
</testsuite> <!-- com.Window -->
