<?xml version="1.0" encoding="UTF-8"?>
<!-- Generated by org.testng.reporters.JUnitReportReporter -->
<testsuite skipped="0" hostname="C100-17" name="com.CalLinkTextSelectCheckBox" tests="1" failures="0" timestamp="11 Dec 2018 11:59:48 GMT" time="26.445" errors="0">
  <testcase name="tool" time="26.445" classname="com.CalLinkTextSelectCheckBox"/>
</testsuite> <!-- com.CalLinkTextSelectCheckBox -->
