<?xml version="1.0" encoding="UTF-8"?>
<!-- Generated by org.testng.reporters.JUnitReportReporter -->
<testsuite skipped="0" hostname="C100-17" name="com.LoginTest" tests="1" failures="0" timestamp="12 Dec 2018 05:25:57 GMT" time="20.124" errors="0">
  <testcase name="verifyLogin" time="20.124" classname="com.LoginTest"/>
</testsuite> <!-- com.LoginTest -->
