<?xml version="1.0" encoding="UTF-8"?>
<!-- Generated by org.testng.reporters.JUnitReportReporter -->
<testsuite skipped="0" hostname="C100-17" name="com.bank.selenium.testcases.EditCustomerTest" tests="7" failures="0" timestamp="18 Dec 2018 09:22:44 GMT" time="15.845" errors="0">
  <testcase name="Login" time="2.743" classname="com.bank.selenium.testcases.EditCustomerTest"/>
  <testcase name="editCustomerDdt" time="2.471" classname="com.bank.selenium.testcases.EditCustomerTest"/>
  <testcase name="editCustomerDdt" time="1.552" classname="com.bank.selenium.testcases.EditCustomerTest"/>
  <testcase name="editCustomerDdt" time="1.963" classname="com.bank.selenium.testcases.EditCustomerTest"/>
  <testcase name="editCustomerDdt" time="2.969" classname="com.bank.selenium.testcases.EditCustomerTest"/>
  <testcase name="editCustomerDdt" time="2.159" classname="com.bank.selenium.testcases.EditCustomerTest"/>
  <testcase name="editCustomerDdt" time="1.988" classname="com.bank.selenium.testcases.EditCustomerTest"/>
</testsuite> <!-- com.bank.selenium.testcases.EditCustomerTest -->
