<?xml version="1.0" encoding="UTF-8"?>
<!-- Generated by org.testng.reporters.JUnitReportReporter -->
<testsuite skipped="0" hostname="C100-17" name="com.bank.selenium.A" tests="6" failures="0" timestamp="19 Dec 2018 12:04:13 GMT" time="12.035" errors="0">
  <testcase name="login" time="5.579" classname="com.bank.selenium.A"/>
  <testcase name="aaaa" time="3.294" classname="com.bank.selenium.A"/>
  <testcase name="aaaa" time="0.339" classname="com.bank.selenium.A"/>
  <testcase name="aaaa" time="1.806" classname="com.bank.selenium.A"/>
  <testcase name="aaaa" time="0.660" classname="com.bank.selenium.A"/>
  <testcase name="aaaa" time="0.357" classname="com.bank.selenium.A"/>
</testsuite> <!-- com.bank.selenium.A -->
