<?xml version="1.0" encoding="UTF-8"?>
<!-- Generated by org.testng.reporters.JUnitReportReporter -->
<testsuite skipped="0" hostname="C100-17" name="com.bank.selenium.testcases.NewAccountTest" tests="4" failures="0" timestamp="18 Dec 2018 09:22:44 GMT" time="11.755" errors="0">
  <testcase name="resetTest" time="5.540" classname="com.bank.selenium.testcases.NewAccountTest"/>
  <testcase name="withoutEnteringData" time="4.583" classname="com.bank.selenium.testcases.NewAccountTest"/>
  <testcase name="enterCustomerId" time="1.048" classname="com.bank.selenium.testcases.NewAccountTest"/>
  <testcase name="createValidAccount" time="0.584" classname="com.bank.selenium.testcases.NewAccountTest"/>
</testsuite> <!-- com.bank.selenium.testcases.NewAccountTest -->
