<?xml version="1.0" encoding="UTF-8"?>
<!-- Generated by org.testng.reporters.JUnitReportReporter -->
<testsuite skipped="0" hostname="C100-17" name="com.bank.selenium.testcases.DepositeTest" tests="1" failures="0" timestamp="18 Dec 2018 09:22:44 GMT" time="5.746" errors="0">
  <testcase name="testDepositeReset" time="5.746" classname="com.bank.selenium.testcases.DepositeTest"/>
</testsuite> <!-- com.bank.selenium.testcases.DepositeTest -->
