<?xml version="1.0" encoding="UTF-8"?>
<!-- Generated by org.testng.reporters.JUnitReportReporter -->
<testsuite skipped="0" hostname="C100-17" name="com.bank.selenium.testcases.DepositeDataDrivenTest" tests="6" failures="0" timestamp="18 Dec 2018 12:30:18 GMT" time="16.078" errors="0">
  <testcase name="login" time="6.024" classname="com.bank.selenium.testcases.DepositeDataDrivenTest"/>
  <testcase name="testDepositeDataDriven" time="1.968" classname="com.bank.selenium.testcases.DepositeDataDrivenTest"/>
  <testcase name="testDepositeDataDriven" time="1.431" classname="com.bank.selenium.testcases.DepositeDataDrivenTest"/>
  <testcase name="testDepositeDataDriven" time="1.500" classname="com.bank.selenium.testcases.DepositeDataDrivenTest"/>
  <testcase name="testDepositeDataDriven" time="2.327" classname="com.bank.selenium.testcases.DepositeDataDrivenTest"/>
  <testcase name="testDepositeDataDriven" time="2.828" classname="com.bank.selenium.testcases.DepositeDataDrivenTest"/>
</testsuite> <!-- com.bank.selenium.testcases.DepositeDataDrivenTest -->
